<?xml version="1.0" encoding="UTF-8"?>
<!-- Generated by org.testng.reporters.JUnitReportReporter -->
<testsuite skipped="0" hostname="Admin-PC" name="testcases.TC001_LoginLogOut" tests="2" failures="0" timestamp="10 Dec 2017 03:03:04 GMT" time="41.017" errors="0">
  <testcase name="logInLogOut" time="13.844" classname="testcases.TC001_LoginLogOut"/>
  <testcase name="logInLogOut" time="27.173" classname="testcases.TC001_LoginLogOut"/>
</testsuite> <!-- testcases.TC001_LoginLogOut -->
