<?xml version="1.0" encoding="UTF-8"?>
<!-- Generated by org.testng.reporters.JUnitReportReporter -->
<testsuite skipped="0" hostname="Admin-PC" name="testcases.TC003_CreateLead" tests="3" failures="0" timestamp="26 Dec 2017 16:37:01 GMT" time="211.655" errors="0">
  <testcase name="CreateLead" time="78.155" classname="testcases.TC003_CreateLead"/>
  <testcase name="CreateLead" time="74.549" classname="testcases.TC003_CreateLead"/>
  <testcase name="CreateLead" time="58.951" classname="testcases.TC003_CreateLead"/>
</testsuite> <!-- testcases.TC003_CreateLead -->
