<?xml version="1.0" encoding="UTF-8"?>
<!-- Generated by org.testng.reporters.JUnitReportReporter -->
<testsuite skipped="0" hostname="Admin-PC" name="testcases.TC002_LoginNegative" tests="4" failures="0" timestamp="10 Dec 2017 03:03:04 GMT" time="93.852" errors="0">
  <testcase name="loginFail" time="18.085" classname="testcases.TC002_LoginNegative"/>
  <testcase name="loginFail" time="26.230" classname="testcases.TC002_LoginNegative"/>
  <testcase name="loginFail" time="14.512" classname="testcases.TC002_LoginNegative"/>
  <testcase name="loginFail" time="35.025" classname="testcases.TC002_LoginNegative"/>
</testsuite> <!-- testcases.TC002_LoginNegative -->
