<?xml version="1.0" encoding="UTF-8"?>
<!-- Generated by org.testng.reporters.JUnitReportReporter -->
<testsuite skipped="0" hostname="Admin-PC" name="dppackage.CreateLead1" tests="2" failures="0" timestamp="04 Dec 2017 19:36:43 GMT" time="154.550" errors="0">
  <testcase name="createLead" time="57.480" classname="dppackage.CreateLead1"/>
  <testcase name="createLead" time="97.070" classname="dppackage.CreateLead1"/>
</testsuite> <!-- dppackage.CreateLead1 -->
