<?xml version="1.0" encoding="UTF-8"?>
<!-- Generated by org.testng.reporters.JUnitReportReporter -->
<testsuite hostname="Admin-PC" name="testcase.Contact" tests="1" failures="0" timestamp="4 Dec 2017 04:11:34 GMT" time="68.535" errors="0">
  <testcase name="contact" time="68.535" classname="testcase.Contact"/>
</testsuite> <!-- testcase.Contact -->
