<?xml version="1.0" encoding="UTF-8"?>
<!-- Generated by org.testng.reporters.JUnitReportReporter -->
<testsuite skipped="0" hostname="Admin-PC" name="dppackage.DeleteLead1" tests="1" failures="0" timestamp="04 Dec 2017 19:22:50 GMT" time="61.260" errors="0">
  <testcase name="deletelead" time="61.260" classname="dppackage.DeleteLead1"/>
</testsuite> <!-- dppackage.DeleteLead1 -->
