<?xml version="1.0" encoding="UTF-8"?>
<!-- Generated by org.testng.reporters.JUnitReportReporter -->
<testsuite hostname="Admin-PC" name="testcase.MergeLead" tests="1" failures="0" timestamp="2 Dec 2017 11:44:22 GMT" time="93.779" errors="0">
  <testcase name="mergeLead" time="93.779" classname="testcase.MergeLead"/>
</testsuite> <!-- testcase.MergeLead -->
