<?xml version="1.0" encoding="UTF-8"?>
<!-- Generated by org.testng.reporters.JUnitReportReporter -->
<testsuite skipped="0" hostname="Admin-PC" name="dppackage.EditLead1" tests="1" failures="0" timestamp="04 Dec 2017 19:36:43 GMT" time="68.149" errors="0">
  <testcase name="editlead" time="68.149" classname="dppackage.EditLead1"/>
</testsuite> <!-- dppackage.EditLead1 -->
