<?xml version="1.0" encoding="UTF-8"?>
<!-- Generated by org.testng.reporters.JUnitReportReporter -->
<testsuite hostname="Admin-PC" name="testcase.EditLead" tests="1" failures="0" timestamp="2 Dec 2017 11:36:23 GMT" time="64.115" errors="0">
  <testcase name="editlead" time="64.115" classname="testcase.EditLead"/>
</testsuite> <!-- testcase.EditLead -->
