<?xml version="1.0" encoding="UTF-8"?>
<!-- Generated by org.testng.reporters.JUnitReportReporter -->
<testsuite skipped="0" hostname="Admin-PC" name="dppackage.DuplicateLead1" tests="2" failures="0" timestamp="04 Dec 2017 19:22:50 GMT" time="133.282" errors="0">
  <testcase name="duplicatelead" time="63.188" classname="dppackage.DuplicateLead1"/>
  <testcase name="duplicatelead" time="70.094" classname="dppackage.DuplicateLead1"/>
</testsuite> <!-- dppackage.DuplicateLead1 -->
