<?xml version="1.0" encoding="UTF-8"?>
<!-- Generated by org.testng.reporters.JUnitReportReporter -->
<testsuite hostname="Admin-PC" name="testcase.CreateLeadWD" tests="1" failures="0" timestamp="3 Dec 2017 06:01:47 GMT" time="53.119" errors="0">
  <testcase name="createLead" time="53.119" classname="testcase.CreateLeadWD"/>
</testsuite> <!-- testcase.CreateLeadWD -->
