<?xml version="1.0" encoding="UTF-8"?>
<!-- Generated by org.testng.reporters.JUnitReportReporter -->
<testsuite skipped="0" hostname="Admin-PC" name="testmethods.CreateLead1" tests="3" failures="0" timestamp="10 Dec 2017 16:43:57 GMT" time="166.706" errors="0">
  <testcase name="createLead" time="80.451" classname="testmethods.CreateLead1"/>
  <testcase name="createLead" time="42.975" classname="testmethods.CreateLead1"/>
  <testcase name="createLead" time="43.280" classname="testmethods.CreateLead1"/>
</testsuite> <!-- testmethods.CreateLead1 -->
